[serve-worker-0 ] deno serve: Listening on http://0.0.0.0:8080/ with 128 threads
[serve-worker-119] Http: error reading a body from connection
    at async Object.pull (ext:deno_web/06_streams.js:963:27) {
  name: "Http"
}
[serve-worker-0 ] Http: error reading a body from connection
    at async Object.pull (ext:deno_web/06_streams.js:963:27) {
  name: "Http"
}
[serve-worker-20] Http: error reading a body from connection
    at async Object.pull (ext:deno_web/06_streams.js:963:27) {
  name: "Http"
}
[serve-worker-68] Http: error reading a body from connection
    at async Object.pull (ext:deno_web/06_streams.js:963:27) {
  name: "Http"
}
[serve-worker-0 ] Http: error reading a body from connection
    at async Object.pull (ext:deno_web/06_streams.js:963:27) {
  name: "Http"
}
[serve-worker-119] Http: error reading a body from connection
    at async Object.pull (ext:deno_web/06_streams.js:963:27) {
  name: "Http"
}
[serve-worker-0 ] Http: error reading a body from connection
    at async Object.pull (ext:deno_web/06_streams.js:963:27) {
  name: "Http"
}
[serve-worker-119] Http: error reading a body from connection
    at async Object.pull (ext:deno_web/06_streams.js:963:27) {
  name: "Http"
}
[serve-worker-0 ] Http: error reading a body from connection
    at async Object.pull (ext:deno_web/06_streams.js:963:27) {
  name: "Http"
}
[serve-worker-119] Http: error reading a body from connection
    at async Object.pull (ext:deno_web/06_streams.js:963:27) {
  name: "Http"
}
[serve-worker-0 ] Http: error reading a body from connection
    at async Object.pull (ext:deno_web/06_streams.js:963:27) {
  name: "Http"
}
[serve-worker-119] Http: error reading a body from connection
    at async Object.pull (ext:deno_web/06_streams.js:963:27) {
  name: "Http"
}
[serve-worker-0 ] Http: error reading a body from connection
    at async Object.pull (ext:deno_web/06_streams.js:963:27) {
  name: "Http"
}
[serve-worker-119] Http: error reading a body from connection
    at async Object.pull (ext:deno_web/06_streams.js:963:27) {
  name: "Http"
}
[serve-worker-0 ] Http: error reading a body from connection
    at async Object.pull (ext:deno_web/06_streams.js:963:27) {
  name: "Http"
}
[serve-worker-119] Http: error reading a body from connection
    at async Object.pull (ext:deno_web/06_streams.js:963:27) {
  name: "Http"
}
[serve-worker-0 ] Http: error reading a body from connection
    at async Object.pull (ext:deno_web/06_streams.js:963:27) {
  name: "Http"
}
[serve-worker-119] Http: error reading a body from connection
    at async Object.pull (ext:deno_web/06_streams.js:963:27) {
  name: "Http"
}
[serve-worker-0 ] Http: error reading a body from connection
    at async Object.pull (ext:deno_web/06_streams.js:963:27) {
  name: "Http"
}
[serve-worker-119] Http: error reading a body from connection
    at async Object.pull (ext:deno_web/06_streams.js:963:27) {
  name: "Http"
}
[serve-worker-20] Http: error reading a body from connection
    at async Object.pull (ext:deno_web/06_streams.js:963:27) {
  name: "Http"
}
[serve-worker-20] Http: error reading a body from connection
    at async Object.pull (ext:deno_web/06_streams.js:963:27) {
  name: "Http"
}
[serve-worker-20] Http: error reading a body from connection
    at async Object.pull (ext:deno_web/06_streams.js:963:27) {
  name: "Http"
}
[serve-worker-20] Http: error reading a body from connection
    at async Object.pull (ext:deno_web/06_streams.js:963:27) {
  name: "Http"
}
[serve-worker-3 ] Http: error reading a body from connection
    at async Object.pull (ext:deno_web/06_streams.js:963:27) {
  name: "Http"
}
[serve-worker-20] Http: error reading a body from connection
    at async Object.pull (ext:deno_web/06_streams.js:963:27) {
  name: "Http"
}
[serve-worker-68] Http: error reading a body from connection
    at async Object.pull (ext:deno_web/06_streams.js:963:27) {
  name: "Http"
}
[serve-worker-20] Http: error reading a body from connection
    at async Object.pull (ext:deno_web/06_streams.js:963:27) {
  name: "Http"
}
[serve-worker-68] Http: error reading a body from connection
    at async Object.pull (ext:deno_web/06_streams.js:963:27) {
  name: "Http"
}
[serve-worker-20] Http: error reading a body from connection
    at async Object.pull (ext:deno_web/06_streams.js:963:27) {
  name: "Http"
}
[serve-worker-68] Http: error reading a body from connection
    at async Object.pull (ext:deno_web/06_streams.js:963:27) {
  name: "Http"
}
[serve-worker-68] Http: error reading a body from connection
    at async Object.pull (ext:deno_web/06_streams.js:963:27) {
  name: "Http"
}
[serve-worker-20] Http: error reading a body from connection
    at async Object.pull (ext:deno_web/06_streams.js:963:27) {
  name: "Http"
}
[serve-worker-68] Http: error reading a body from connection
    at async Object.pull (ext:deno_web/06_streams.js:963:27) {
  name: "Http"
}
[serve-worker-20] Http: error reading a body from connection
    at async Object.pull (ext:deno_web/06_streams.js:963:27) {
  name: "Http"
}
[serve-worker-68] Http: error reading a body from connection
    at async Object.pull (ext:deno_web/06_streams.js:963:27) {
  name: "Http"
}
[serve-worker-68] Http: error reading a body from connection
    at async Object.pull (ext:deno_web/06_streams.js:963:27) {
  name: "Http"
}
[serve-worker-1 ] Http: error reading a body from connection
    at async Object.pull (ext:deno_web/06_streams.js:963:27) {
  name: "Http"
}
[serve-worker-3 ] Http: error reading a body from connection
    at async Object.pull (ext:deno_web/06_streams.js:963:27) {
  name: "Http"
}
[serve-worker-3 ] Http: error reading a body from connection
    at async Object.pull (ext:deno_web/06_streams.js:963:27) {
  name: "Http"
}
[serve-worker-3 ] Http: error reading a body from connection
    at async Object.pull (ext:deno_web/06_streams.js:963:27) {
  name: "Http"
}
[serve-worker-3 ] Http: error reading a body from connection
    at async Object.pull (ext:deno_web/06_streams.js:963:27) {
  name: "Http"
}
[serve-worker-3 ] Http: error reading a body from connection
    at async Object.pull (ext:deno_web/06_streams.js:963:27) {
  name: "Http"
}
[serve-worker-1 ] Http: error reading a body from connection
    at async Object.pull (ext:deno_web/06_streams.js:963:27) {
  name: "Http"
}
[serve-worker-1 ] Http: error reading a body from connection
    at async Object.pull (ext:deno_web/06_streams.js:963:27) {
  name: "Http"
}
[serve-worker-1 ] Http: error reading a body from connection
    at async Object.pull (ext:deno_web/06_streams.js:963:27) {
  name: "Http"
}
[serve-worker-1 ] Http: error reading a body from connection
    at async Object.pull (ext:deno_web/06_streams.js:963:27) {
  name: "Http"
}
[serve-worker-1 ] Http: error reading a body from connection
    at async Object.pull (ext:deno_web/06_streams.js:963:27) {
  name: "Http"
}
[serve-worker-90] Http: error reading a body from connection
    at async Object.pull (ext:deno_web/06_streams.js:963:27) {
  name: "Http"
}
[serve-worker-33] Http: error reading a body from connection
    at async Object.pull (ext:deno_web/06_streams.js:963:27) {
  name: "Http"
}
[serve-worker-16] Http: error reading a body from connection
    at async Object.pull (ext:deno_web/06_streams.js:963:27) {
  name: "Http"
}
[serve-worker-21] Http: error reading a body from connection
    at async Object.pull (ext:deno_web/06_streams.js:963:27) {
  name: "Http"
}
[serve-worker-124] Http: error reading a body from connection
    at async Object.pull (ext:deno_web/06_streams.js:963:27) {
  name: "Http"
}
[serve-worker-34] Http: error reading a body from connection
    at async Object.pull (ext:deno_web/06_streams.js:963:27) {
  name: "Http"
}
[serve-worker-48] Http: error reading a body from connection
    at async Object.pull (ext:deno_web/06_streams.js:963:27) {
  name: "Http"
}
[serve-worker-55] Http: error reading a body from connection
    at async Object.pull (ext:deno_web/06_streams.js:963:27) {
  name: "Http"
}
[serve-worker-127] Http: error reading a body from connection
    at async Object.pull (ext:deno_web/06_streams.js:963:27) {
  name: "Http"
}
[serve-worker-74] Http: error reading a body from connection
    at async Object.pull (ext:deno_web/06_streams.js:963:27) {
  name: "Http"
}
[serve-worker-67] Http: error reading a body from connection
    at async Object.pull (ext:deno_web/06_streams.js:963:27) {
  name: "Http"
}
[serve-worker-22] Http: error reading a body from connection
    at async Object.pull (ext:deno_web/06_streams.js:963:27) {
  name: "Http"
}
[serve-worker-96] Http: error reading a body from connection
    at async Object.pull (ext:deno_web/06_streams.js:963:27) {
  name: "Http"
}
[serve-worker-15] Http: error reading a body from connection
    at async Object.pull (ext:deno_web/06_streams.js:963:27) {
  name: "Http"
}
[serve-worker-3 ] Http: error reading a body from connection
    at async Object.pull (ext:deno_web/06_streams.js:963:27) {
  name: "Http"
}
[serve-worker-49] Http: error reading a body from connection
    at async Object.pull (ext:deno_web/06_streams.js:963:27) {
  name: "Http"
}
[serve-worker-7 ] Http: error reading a body from connection
    at async Object.pull (ext:deno_web/06_streams.js:963:27) {
  name: "Http"
}
[serve-worker-27] Http: error reading a body from connection
    at async Object.pull (ext:deno_web/06_streams.js:963:27) {
  name: "Http"
}
[serve-worker-50] Http: error reading a body from connection
    at async Object.pull (ext:deno_web/06_streams.js:963:27) {
  name: "Http"
}
[serve-worker-88] Http: error reading a body from connection
    at async Object.pull (ext:deno_web/06_streams.js:963:27) {
  name: "Http"
}
[serve-worker-72] Http: error reading a body from connection
    at async Object.pull (ext:deno_web/06_streams.js:963:27) {
  name: "Http"
}
[serve-worker-67] Http: error reading a body from connection
    at async Object.pull (ext:deno_web/06_streams.js:963:27) {
  name: "Http"
}
[serve-worker-127] Http: error reading a body from connection
    at async Object.pull (ext:deno_web/06_streams.js:963:27) {
  name: "Http"
}
[serve-worker-0 ] Http: error reading a body from connection
    at async Object.pull (ext:deno_web/06_streams.js:963:27) {
  name: "Http"
}
[serve-worker-36] Http: error reading a body from connection
    at async Object.pull (ext:deno_web/06_streams.js:963:27) {
  name: "Http"
}
[serve-worker-45] Http: error reading a body from connection
    at async Object.pull (ext:deno_web/06_streams.js:963:27) {
  name: "Http"
}
[serve-worker-25] Http: error reading a body from connection
    at async Object.pull (ext:deno_web/06_streams.js:963:27) {
  name: "Http"
}
[serve-worker-106] Http: error reading a body from connection
    at async Object.pull (ext:deno_web/06_streams.js:963:27) {
  name: "Http"
}
[serve-worker-75] Http: error reading a body from connection
    at async Object.pull (ext:deno_web/06_streams.js:963:27) {
  name: "Http"
}
[serve-worker-31] Http: error reading a body from connection
    at async Object.pull (ext:deno_web/06_streams.js:963:27) {
  name: "Http"
}
[serve-worker-54] Http: error reading a body from connection
    at async Object.pull (ext:deno_web/06_streams.js:963:27) {
  name: "Http"
}
[serve-worker-7 ] Http: error reading a body from connection
    at async Object.pull (ext:deno_web/06_streams.js:963:27) {
  name: "Http"
}
[serve-worker-121] Http: error reading a body from connection
    at async Object.pull (ext:deno_web/06_streams.js:963:27) {
  name: "Http"
}
[serve-worker-9 ] Http: error reading a body from connection
    at async Object.pull (ext:deno_web/06_streams.js:963:27) {
  name: "Http"
}
[serve-worker-46] Http: error reading a body from connection
    at async Object.pull (ext:deno_web/06_streams.js:963:27) {
  name: "Http"
}
[serve-worker-4 ] Http: error reading a body from connection
    at async Object.pull (ext:deno_web/06_streams.js:963:27) {
  name: "Http"
}
[serve-worker-51] Http: error reading a body from connection
    at async Object.pull (ext:deno_web/06_streams.js:963:27) {
  name: "Http"
}
[serve-worker-62] Http: error reading a body from connection
    at async Object.pull (ext:deno_web/06_streams.js:963:27) {
  name: "Http"
}
[serve-worker-19] Http: error reading a body from connection
    at async Object.pull (ext:deno_web/06_streams.js:963:27) {
  name: "Http"
}
[serve-worker-28] Http: error reading a body from connection
    at async Object.pull (ext:deno_web/06_streams.js:963:27) {
  name: "Http"
}
[serve-worker-38] Http: error reading a body from connection
    at async Object.pull (ext:deno_web/06_streams.js:963:27) {
  name: "Http"
}
[serve-worker-116] Http: error reading a body from connection
    at async Object.pull (ext:deno_web/06_streams.js:963:27) {
  name: "Http"
}
[serve-worker-110] Http: error reading a body from connection
    at async Object.pull (ext:deno_web/06_streams.js:963:27) {
  name: "Http"
}
[serve-worker-80] Http: error reading a body from connection
    at async Object.pull (ext:deno_web/06_streams.js:963:27) {
  name: "Http"
}
[serve-worker-26] Http: error reading a body from connection
    at async Object.pull (ext:deno_web/06_streams.js:963:27) {
  name: "Http"
}
[serve-worker-2 ] Http: error reading a body from connection
    at async Object.pull (ext:deno_web/06_streams.js:963:27) {
  name: "Http"
}
[serve-worker-88] Http: error reading a body from connection
    at async Object.pull (ext:deno_web/06_streams.js:963:27) {
  name: "Http"
}
[serve-worker-27] Http: error reading a body from connection
    at async Object.pull (ext:deno_web/06_streams.js:963:27) {
  name: "Http"
}
[serve-worker-23] Http: error reading a body from connection
    at async Object.pull (ext:deno_web/06_streams.js:963:27) {
  name: "Http"
}
[serve-worker-74] Http: error reading a body from connection
    at async Object.pull (ext:deno_web/06_streams.js:963:27) {
  name: "Http"
}
[serve-worker-121] Http: error reading a body from connection
    at async Object.pull (ext:deno_web/06_streams.js:963:27) {
  name: "Http"
}
[serve-worker-54] Http: error reading a body from connection
    at async Object.pull (ext:deno_web/06_streams.js:963:27) {
  name: "Http"
}
[serve-worker-2 ] Http: error reading a body from connection
    at async Object.pull (ext:deno_web/06_streams.js:963:27) {
  name: "Http"
}
[serve-worker-51] Http: error reading a body from connection
    at async Object.pull (ext:deno_web/06_streams.js:963:27) {
  name: "Http"
}
[serve-worker-62] Http: error reading a body from connection
    at async Object.pull (ext:deno_web/06_streams.js:963:27) {
  name: "Http"
}
[serve-worker-46] Http: error reading a body from connection
    at async Object.pull (ext:deno_web/06_streams.js:963:27) {
  name: "Http"
}
[serve-worker-36] Http: error reading a body from connection
    at async Object.pull (ext:deno_web/06_streams.js:963:27) {
  name: "Http"
}
[serve-worker-45] Http: error reading a body from connection
    at async Object.pull (ext:deno_web/06_streams.js:963:27) {
  name: "Http"
}
[serve-worker-88] Http: error reading a body from connection
    at async Object.pull (ext:deno_web/06_streams.js:963:27) {
  name: "Http"
}
[serve-worker-25] Http: error reading a body from connection
    at async Object.pull (ext:deno_web/06_streams.js:963:27) {
  name: "Http"
}
[serve-worker-25] Http: error reading a body from connection
    at async Object.pull (ext:deno_web/06_streams.js:963:27) {
  name: "Http"
}
[serve-worker-26] Http: error reading a body from connection
    at async Object.pull (ext:deno_web/06_streams.js:963:27) {
  name: "Http"
}
